TN:
SF:/home/travis/build/nguyenhuedang/tweet-split/src/lib/tweet-split-helper.html
FN:34,(anonymous_1)
FN:38,(anonymous_2)
FN:49,(anonymous_3)
FN:58,(anonymous_4)
FN:72,(anonymous_5)
FN:96,(anonymous_6)
FN:139,(anonymous_7)
FN:150,(anonymous_8)
FNF:8
FNH:8
FNDA:3,(anonymous_1)
FNDA:17,(anonymous_2)
FNDA:18,(anonymous_3)
FNDA:18,(anonymous_4)
FNDA:18,(anonymous_5)
FNDA:12,(anonymous_6)
FNDA:136,(anonymous_7)
FNDA:10,(anonymous_8)
DA:35,3
DA:39,17
DA:40,17
DA:50,18
DA:59,18
DA:73,18
DA:76,18
DA:77,18
DA:79,18
DA:81,18
DA:97,12
DA:99,2
DA:102,10
DA:103,10
DA:104,10
DA:106,10
DA:107,18
DA:109,18
DA:111,18
DA:112,4
DA:114,14
DA:115,14
DA:117,496
DA:120,14
DA:121,14
DA:124,10
DA:125,7
DA:129,3
DA:141,136
DA:151,10
DA:152,1
DA:155,9
DA:156,4
DA:159,5
DA:161,5
DA:162,5
DA:164,3
DA:165,3
DA:167,2
DA:172,3
LF:40
LH:40
BRDA:97,1,0,2
BRDA:97,1,1,10
BRDA:111,2,0,4
BRDA:111,2,1,14
BRDA:124,3,0,7
BRDA:124,3,1,3
BRDA:151,4,0,1
BRDA:151,4,1,9
BRDA:155,5,0,4
BRDA:155,5,1,5
BRF:10
BRH:10
end_of_record
TN:
SF:/home/travis/build/nguyenhuedang/tweet-split/src/components/tweet-input.html
FN:100,(anonymous_1)
FN:104,(anonymous_2)
FN:148,(anonymous_3)
FN:164,(anonymous_4)
FN:174,(anonymous_5)
FN:183,(anonymous_6)
FN:198,(anonymous_7)
FN:210,(anonymous_8)
FN:220,(anonymous_9)
FNF:9
FNH:9
FNDA:8,(anonymous_1)
FNDA:2,(anonymous_2)
FNDA:25,(anonymous_3)
FNDA:22,(anonymous_4)
FNDA:14,(anonymous_5)
FNDA:3,(anonymous_6)
FNDA:13,(anonymous_7)
FNDA:13,(anonymous_8)
FNDA:3,(anonymous_9)
DA:101,8
DA:105,2
DA:149,25
DA:150,22
DA:153,3
DA:154,1
DA:157,2
DA:165,22
DA:175,14
DA:176,9
DA:184,3
DA:185,1
DA:190,1
DA:191,1
DA:199,13
DA:201,13
DA:202,1
DA:203,1
DA:211,13
DA:212,13
DA:221,3
DA:231,2
LF:22
LH:22
BRDA:149,1,0,22
BRDA:149,1,1,3
BRDA:153,2,0,1
BRDA:153,2,1,2
BRDA:184,3,0,1
BRDA:184,3,1,2
BRF:6
BRH:6
end_of_record
TN:
SF:/home/travis/build/nguyenhuedang/tweet-split/src/components/tweet-item.html
FN:76,(anonymous_1)
FN:80,(anonymous_2)
FNF:2
FNH:2
FNDA:1,(anonymous_1)
FNDA:1,(anonymous_2)
DA:77,1
DA:81,1
DA:95,1
LF:3
LH:3
BRF:0
BRH:0
end_of_record
TN:
SF:/home/travis/build/nguyenhuedang/tweet-split/src/components/tweet-list.html
FN:36,(anonymous_1)
FN:40,(anonymous_2)
FNF:2
FNH:2
FNDA:4,(anonymous_1)
FNDA:1,(anonymous_2)
DA:37,4
DA:41,1
DA:56,1
LF:3
LH:3
BRF:0
BRH:0
end_of_record
TN:
SF:/home/travis/build/nguyenhuedang/tweet-split/src/tweet-split-app/tweet-split-app.html
FN:57,(anonymous_1)
FN:61,(anonymous_2)
FN:77,(anonymous_3)
FN:81,(anonymous_4)
FN:87,(anonymous_5)
FNF:5
FNH:5
FNDA:4,(anonymous_1)
FNDA:1,(anonymous_2)
FNDA:2,(anonymous_3)
FNDA:1,(anonymous_4)
FNDA:3,(anonymous_5)
DA:58,4
DA:62,1
DA:78,2
DA:82,1
DA:88,3
DA:89,3
DA:90,1
DA:94,1
LF:8
LH:8
BRF:0
BRH:0
end_of_record
